<?xml version="1.0" encoding="UTF-8"?>
<!-- Generated by org.testng.reporters.JUnitReportReporter -->
<testsuite hostname="Lenovo-Lap-1st-floor-room2" failures="0" tests="2" name="runner.Runner" time="0.256" errors="0" timestamp="2023-12-13T15:51:05 IST" skipped="0">
  <testcase classname="runner.Runner" name="runScenario" time="0.041"/>
  <system-out/>
  <testcase classname="runner.Runner" name="runScenario" time="0.215"/>
  <system-out/>
</testsuite> <!-- runner.Runner -->
